<?xml version="1.0" encoding="UTF-8"?>
<testsuites>
  <testsuite id="0" name="/media/polink/Storage/projects/hue-out-there/__test__/middleware.test.js" errors="0" package="/media/polink/Storage/projects/hue-out-there/__test__/middleware.test.js" hostname="localhost" tests="5" failures="0" time="6.354" timestamp="2019-04-18T05:06:35">
    <properties>
    </properties>
    <testcase classname="supergoose" name="is super" time="0">
    </testcase>
    <testcase classname="Testing 404 and error middle" name="/signup" time="0">
    </testcase>
    <testcase classname="Testing 404 and error middle" name="401 testing" time="0">
    </testcase>
    <testcase classname="Testing 404 and error middle" name="404 testing" time="0">
    </testcase>
    <testcase classname="Testing 404 and error middle" name="500 testing" time="0">
    </testcase>
    <system-out/>
    <system-err/>
  </testsuite>
  <testsuite id="1" name="/media/polink/Storage/projects/hue-out-there/__test__/signup-in.test.js" errors="0" package="/media/polink/Storage/projects/hue-out-there/__test__/signup-in.test.js" hostname="localhost" tests="3" failures="0" time="6.659" timestamp="2019-04-18T05:06:35">
    <properties>
    </properties>
    <testcase classname="supergoose" name="is super" time="0">
    </testcase>
    <testcase classname="Testing /signin and /signup" name="/signup" time="0">
    </testcase>
    <testcase classname="Testing /signin and /signup" name="/signin" time="0">
    </testcase>
    <system-out/>
    <system-err/>
  </testsuite>
</testsuites>